<?xml version="1.0" encoding="UTF-8"?>
<testng-results ignored="0" total="1" passed="1" failed="0" skipped="0">
  <reporter-output>
  </reporter-output>
  <suite started-at="2022-09-15T22:32:45 IST" name="Default suite" finished-at="2022-09-15T22:32:46 IST" duration-ms="88">
    <groups>
    </groups>
    <test started-at="2022-09-15T22:32:45 IST" name="Default test" finished-at="2022-09-15T22:32:46 IST" duration-ms="88">
      <class name="Practice.ReadDataFromCmdLine">
        <test-method signature="readData()[pri:0, instance:Practice.ReadDataFromCmdLine@60d8c9b7]" started-at="2022-09-15T22:32:46 IST" name="readData" finished-at="2022-09-15T22:32:46 IST" duration-ms="13" status="PASS">
          <reporter-output>
          </reporter-output>
        </test-method> <!-- readData -->
      </class> <!-- Practice.ReadDataFromCmdLine -->
    </test> <!-- Default test -->
  </suite> <!-- Default suite -->
</testng-results>
