<?xml version="1.0" encoding="UTF-8"?>
<testng-results ignored="0" total="1" passed="1" failed="0" skipped="0">
  <reporter-output>
  </reporter-output>
  <suite started-at="2022-09-20T19:46:41 IST" name="Default suite" finished-at="2022-09-20T19:46:41 IST" duration-ms="147">
    <groups>
    </groups>
    <test started-at="2022-09-20T19:46:41 IST" name="Default test" finished-at="2022-09-20T19:46:41 IST" duration-ms="147">
      <class name="Practice.ContactTest">
        <test-method signature="Contact()[pri:0, instance:Practice.ContactTest@60d8c9b7]" started-at="2022-09-20T19:46:41 IST" name="Contact" finished-at="2022-09-20T19:46:41 IST" duration-ms="22" status="PASS">
          <reporter-output>
          </reporter-output>
        </test-method> <!-- Contact -->
      </class> <!-- Practice.ContactTest -->
    </test> <!-- Default test -->
  </suite> <!-- Default suite -->
</testng-results>
